<?xml version="1.0" encoding="UTF-8"?>
<!-- Generated by org.testng.reporters.JUnitReportReporter -->
<testsuite skipped="0" hostname="mahen-PC" name="com.test1.MyAccTest" tests="1" failures="0" timestamp="24 Jun 2017 11:03:42 GMT" time="64.252" errors="0">
  <testcase name="test" time="64.252" classname="com.test1.MyAccTest"/>
</testsuite> <!-- com.test1.MyAccTest -->
